0 info it worked if it ends with ok
1 verbose cli [ 'C:\\Program Files\\nodejs\\node.exe',
1 verbose cli   'C:\\Program Files\\nodejs\\node_modules\\npm\\bin\\npm-cli.js',
1 verbose cli   'start' ]
2 info using npm@3.10.10
3 info using node@v6.11.1
4 verbose run-script [ 'prestart', 'start', 'poststart' ]
5 info lifecycle easy-notes-app@1.0.0~prestart: easy-notes-app@1.0.0
6 silly lifecycle easy-notes-app@1.0.0~prestart: no script for prestart, continuing
7 info lifecycle easy-notes-app@1.0.0~start: easy-notes-app@1.0.0
8 verbose lifecycle easy-notes-app@1.0.0~start: unsafe-perm in lifecycle true
9 verbose lifecycle easy-notes-app@1.0.0~start: PATH: C:\Program Files\nodejs\node_modules\npm\bin\node-gyp-bin;C:\Users\a2523\side-code\easy-course-app\node_modules\.bin;C:\Program Files\cmder\bin;C:\Program Files\cmder\vendor\conemu-maximus5\ConEmu\Scripts;C:\Program Files\cmder\vendor\conemu-maximus5;C:\Program Files\cmder\vendor\conemu-maximus5\ConEmu;C:\Program Files (x86)\Intel\iCLS Client\;C:\Program Files\Intel\iCLS Client\;C:\Windows\system32;C:\Windows;C:\Windows\System32\Wbem;C:\Windows\System32\WindowsPowerShell\v1.0\;C:\Program Files (x86)\NVIDIA Corporation\PhysX\Common;C:\Program Files (x86)\Intel\Intel(R) Management Engine Components\DAL;C:\Program Files\Intel\Intel(R) Management Engine Components\DAL;C:\Program Files (x86)\Intel\Intel(R) Management Engine Components\IPT;C:\Program Files\Intel\Intel(R) Management Engine Components\IPT;C:\WINDOWS\system32;C:\WINDOWS;C:\WINDOWS\System32\Wbem;C:\WINDOWS\System32\WindowsPowerShell\v1.0\;C:\Program Files\nodejs\;C:\Python27;C:\Python27\Scripts;C:\Users\a2523\AppData\Local\atom\bin;C:\Program Files\Git\cmd;C:\Users\a2523\AppData\Local\Microsoft\WindowsApps;C:\Users\a2523\AppData\Roaming\npm;C:\Users\a2523\AppData\Local\atom\bin;C:\Program Files\Heroku\bin;C:\Users\a2523\AppData\Local\Microsoft\WindowsApps;;C:\Program Files\Git\usr\bin;C:\Program Files\Git\usr\share\vim\vim74;C:\Program Files\cmder\
10 verbose lifecycle easy-notes-app@1.0.0~start: CWD: C:\Users\a2523\side-code\easy-course-app
11 silly lifecycle easy-notes-app@1.0.0~start: Args: [ '/d /s /c', 'node server.js' ]
12 silly lifecycle easy-notes-app@1.0.0~start: Returned: code: 1  signal: null
13 info lifecycle easy-notes-app@1.0.0~start: Failed to exec start script
14 verbose stack Error: easy-notes-app@1.0.0 start: `node server.js`
14 verbose stack Exit status 1
14 verbose stack     at EventEmitter.<anonymous> (C:\Program Files\nodejs\node_modules\npm\lib\utils\lifecycle.js:255:16)
14 verbose stack     at emitTwo (events.js:106:13)
14 verbose stack     at EventEmitter.emit (events.js:191:7)
14 verbose stack     at ChildProcess.<anonymous> (C:\Program Files\nodejs\node_modules\npm\lib\utils\spawn.js:40:14)
14 verbose stack     at emitTwo (events.js:106:13)
14 verbose stack     at ChildProcess.emit (events.js:191:7)
14 verbose stack     at maybeClose (internal/child_process.js:891:16)
14 verbose stack     at Process.ChildProcess._handle.onexit (internal/child_process.js:226:5)
15 verbose pkgid easy-notes-app@1.0.0
16 verbose cwd C:\Users\a2523\side-code\easy-course-app
17 error Windows_NT 10.0.16299
18 error argv "C:\\Program Files\\nodejs\\node.exe" "C:\\Program Files\\nodejs\\node_modules\\npm\\bin\\npm-cli.js" "start"
19 error node v6.11.1
20 error npm  v3.10.10
21 error code ELIFECYCLE
22 error easy-notes-app@1.0.0 start: `node server.js`
22 error Exit status 1
23 error Failed at the easy-notes-app@1.0.0 start script 'node server.js'.
23 error Make sure you have the latest version of node.js and npm installed.
23 error If you do, this is most likely a problem with the easy-notes-app package,
23 error not with npm itself.
23 error Tell the author that this fails on your system:
23 error     node server.js
23 error You can get information on how to open an issue for this project with:
23 error     npm bugs easy-notes-app
23 error Or if that isn't available, you can get their info via:
23 error     npm owner ls easy-notes-app
23 error There is likely additional logging output above.
24 verbose exit [ 1, true ]
